<?xml version="1.0" encoding="UTF-8"?>
<!-- Generated by org.testng.reporters.JUnitXMLReporter -->
<testsuite hostname="mypc" name="Pardot1" tests="6" failures="0" timestamp="10 Apr 2016 04:27:56 GMT" time="155.69" errors="0">
  <testcase name="ListOriginal on null(Pardot1.CreateList_Copy)" time="60.697" classname="Pardot1.CreateList_Copy"/>
  <testcase name="DupeList on null(Pardot1.CreateList_Copy)" time="9.792" classname="Pardot1.CreateList_Copy"/>
  <testcase name="RenameList on null(Pardot1.CreateList_Copy)" time="11.88" classname="Pardot1.CreateList_Copy"/>
  <testcase name="OriginalNameListCreation on null(Pardot1.CreateList_Copy)" time="9.566" classname="Pardot1.CreateList_Copy"/>
  <testcase name="CreateProspect on null(Pardot1.CreateList_Copy)" time="19.106" classname="Pardot1.CreateList_Copy"/>
  <testcase name="CreateProspect on null(Pardot1.CreateProspect)" time="44.628" classname="Pardot1.CreateProspect"/>
</testsuite> <!-- Pardot1 -->
