<?xml version="1.0" encoding="UTF-8"?>
<!-- Generated by org.testng.reporters.JUnitXMLReporter -->
<testsuite hostname="mypc" name="Default test" tests="4" failures="0" timestamp="12 Apr 2016 09:50:35 GMT" time="65.528" errors="0">
  <testcase name="ListOriginal on null(Pardot1.CreateList)" time="34.673" classname="Pardot1.CreateList"/>
  <testcase name="DupeList on null(Pardot1.CreateList)" time="9.191" classname="Pardot1.CreateList"/>
  <testcase name="RenameList on null(Pardot1.CreateList)" time="10.77" classname="Pardot1.CreateList"/>
  <testcase name="OriginalNameListCreation on null(Pardot1.CreateList)" time="9.446" classname="Pardot1.CreateList"/>
</testsuite> <!-- Default test -->
