<?xml version="1.0" encoding="UTF-8"?>
<!-- Generated by org.testng.reporters.JUnitXMLReporter -->
<testsuite hostname="mypc" name="Default test" tests="4" failures="0" timestamp="13 Apr 2016 00:58:48 GMT" time="67.505" errors="0">
  <testcase name="ListOriginal on null(Pardot1.CreateList)" time="36.901" classname="Pardot1.CreateList"/>
  <testcase name="DupeList on null(Pardot1.CreateList)" time="8.885" classname="Pardot1.CreateList"/>
  <testcase name="RenameList on null(Pardot1.CreateList)" time="10.768" classname="Pardot1.CreateList"/>
  <testcase name="OriginalNameListCreation on null(Pardot1.CreateList)" time="9.593" classname="Pardot1.CreateList"/>
</testsuite> <!-- Default test -->
