<?xml version="1.0" encoding="UTF-8"?>
<!-- Generated by org.testng.reporters.JUnitXMLReporter -->
<testsuite hostname="mypc" name="Pardot1" tests="8" failures="0" timestamp="12 Apr 2016 01:29:28 GMT" time="158.956" errors="0">
  <testcase name="ListOriginal on null(Pardot1.CreateList)" time="35.311" classname="Pardot1.CreateList"/>
  <testcase name="DupeList on null(Pardot1.CreateList)" time="9.119" classname="Pardot1.CreateList"/>
  <testcase name="RenameList on null(Pardot1.CreateList)" time="10.544" classname="Pardot1.CreateList"/>
  <testcase name="OriginalNameListCreation on null(Pardot1.CreateList)" time="9.686" classname="Pardot1.CreateList"/>
  <testcase name="CreateProspect1 on null(Pardot1.CreateProspect)" time="33.264" classname="Pardot1.CreateProspect"/>
  <testcase name="CreateProspectList on null(Pardot1.CreateProspect)" time="9.881" classname="Pardot1.CreateProspect"/>
  <testcase name="EnsureProspect on null(Pardot1.CreateProspect)" time="8.245" classname="Pardot1.CreateProspect"/>
  <testcase name="SendEmail on null(Pardot1.SendEmail)" time="41.337" classname="Pardot1.SendEmail"/>
</testsuite> <!-- Pardot1 -->
