<?xml version="1.0" encoding="UTF-8"?>
<!-- Generated by org.testng.reporters.JUnitXMLReporter -->
<testsuite hostname="mypc" name="Pardot1" tests="8" failures="0" timestamp="12 Apr 2016 20:39:25 GMT" time="167.277" errors="0">
  <testcase name="ListOriginal on null(Pardot1.CreateList)" time="34.125" classname="Pardot1.CreateList"/>
  <testcase name="DupeList on null(Pardot1.CreateList)" time="10.995" classname="Pardot1.CreateList"/>
  <testcase name="RenameList on null(Pardot1.CreateList)" time="11.609" classname="Pardot1.CreateList"/>
  <testcase name="OriginalNameListCreation on null(Pardot1.CreateList)" time="10.573" classname="Pardot1.CreateList"/>
  <testcase name="CreateProspect1 on null(Pardot1.CreateProspect)" time="33.803" classname="Pardot1.CreateProspect"/>
  <testcase name="CreateProspectList on null(Pardot1.CreateProspect)" time="10.403" classname="Pardot1.CreateProspect"/>
  <testcase name="EnsureProspect on null(Pardot1.CreateProspect)" time="8.754" classname="Pardot1.CreateProspect"/>
  <testcase name="SendEmail on null(Pardot1.SendEmail)" time="41.137" classname="Pardot1.SendEmail"/>
</testsuite> <!-- Pardot1 -->
