<?xml version="1.0" encoding="UTF-8"?>
<testng-results skipped="0" failed="0" total="1" passed="1">
  <reporter-output>
  </reporter-output>
  <suite name="Default suite" duration-ms="42281" started-at="2016-04-12T20:55:49Z" finished-at="2016-04-12T20:56:31Z">
    <groups>
    </groups>
    <test name="Default test" duration-ms="42281" started-at="2016-04-12T20:55:49Z" finished-at="2016-04-12T20:56:31Z">
      <class name="Pardot1.SendEmail">
        <test-method status="PASS" signature="SendEmail()[pri:0, instance:null(Pardot1.SendEmail)]" name="SendEmail" duration-ms="40889" started-at="2016-04-12T16:55:49Z" finished-at="2016-04-12T16:56:29Z">
          <reporter-output>
          </reporter-output>
        </test-method> <!-- SendEmail -->
        <test-method status="PASS" signature="tearDown()[pri:0, instance:null(Pardot1.SendEmail)]" name="tearDown" is-config="true" duration-ms="1375" started-at="2016-04-12T16:56:29Z" finished-at="2016-04-12T16:56:31Z">
          <reporter-output>
          </reporter-output>
        </test-method> <!-- tearDown -->
      </class> <!-- Pardot1.SendEmail -->
    </test> <!-- Default test -->
  </suite> <!-- Default suite -->
</testng-results>
