<?xml version="1.0" encoding="UTF-8"?>
<!-- Generated by org.testng.reporters.JUnitXMLReporter -->
<testsuite hostname="mypc" name="Pardot1" tests="7" failures="0" timestamp="10 Apr 2016 14:55:55 GMT" time="149.166" errors="0">
  <testcase name="ListOriginal on null(Pardot1.CreateList)" time="36.686" classname="Pardot1.CreateList"/>
  <testcase name="DupeList on null(Pardot1.CreateList)" time="9.062" classname="Pardot1.CreateList"/>
  <testcase name="RenameList on null(Pardot1.CreateList)" time="10.68" classname="Pardot1.CreateList"/>
  <testcase name="OriginalNameListCreation on null(Pardot1.CreateList)" time="10.263" classname="Pardot1.CreateList"/>
  <testcase name="CreateProspect1 on null(Pardot1.CreateProspect)" time="37.002" classname="Pardot1.CreateProspect"/>
  <testcase name="CreateProspectList on null(Pardot1.CreateProspect)" time="9.538" classname="Pardot1.CreateProspect"/>
  <testcase name="SendEmail on null(Pardot1.SendEmail)" time="35.893" classname="Pardot1.SendEmail"/>
</testsuite> <!-- Pardot1 -->
