<?xml version="1.0" encoding="UTF-8"?>
<!-- Generated by org.testng.reporters.JUnitXMLReporter -->
<testsuite hostname="mypc" name="Pardot1" tests="8" failures="0" timestamp="13 Apr 2016 01:03:54 GMT" time="163.376" errors="0">
  <testcase name="ListOriginal on null(Pardot1.CreateList)" time="35.724" classname="Pardot1.CreateList"/>
  <testcase name="DupeList on null(Pardot1.CreateList)" time="8.89" classname="Pardot1.CreateList"/>
  <testcase name="RenameList on null(Pardot1.CreateList)" time="10.921" classname="Pardot1.CreateList"/>
  <testcase name="OriginalNameListCreation on null(Pardot1.CreateList)" time="9.629" classname="Pardot1.CreateList"/>
  <testcase name="CreateProspect1 on null(Pardot1.CreateProspect)" time="33.608" classname="Pardot1.CreateProspect"/>
  <testcase name="CreateProspectList on null(Pardot1.CreateProspect)" time="12.754" classname="Pardot1.CreateProspect"/>
  <testcase name="EnsureProspect on null(Pardot1.CreateProspect)" time="9.116" classname="Pardot1.CreateProspect"/>
  <testcase name="SendEmail on null(Pardot1.SendEmail)" time="38.802" classname="Pardot1.SendEmail"/>
</testsuite> <!-- Pardot1 -->
